Removed Pin From Net: NetName=MCU_PA7 Pin=J2-2
Removed Pin From Net: NetName=MCU_PA6 Pin=J2-3
Removed Pin From Net: NetName=MCU_PA5 Pin=J2-4
Removed Pin From Net: NetName=MCU_PA4 Pin=J2-5
Removed Pin From Net: NetName=3V3 Pin=J2-6
Change Component Designator: OldDesignator= NewDesignator=C5
Change Component Designator: OldDesignator= NewDesignator=C6
Change Component Designator: OldDesignator= NewDesignator=C7
Change Component Designator: OldDesignator= NewDesignator=C8
Change Component Designator: OldDesignator= NewDesignator=C9
Change Component Designator: OldDesignator= NewDesignator=Y1
Added Pin To Net: NetName=3V3 Pin=J2-1
Added Pin To Net: NetName=MCU_PA4 Pin=J2-2
Added Pin To Net: NetName=MCU_PA5 Pin=J2-3
Added Pin To Net: NetName=MCU_PA6 Pin=J2-4
Added Pin To Net: NetName=MCU_PA7 Pin=J2-5
Added Pin To Net: NetName=GND Pin=J2-6
Added Member To Class: ClassName=STM32_SCHEMATIC Member=Component C5 C0402
Added Member To Class: ClassName=STM32_SCHEMATIC Member=Component C6 C0402
Added Member To Class: ClassName=STM32_SCHEMATIC Member=Component C7 2.2u
Added Member To Class: ClassName=STM32_SCHEMATIC Member=Component C9 100n
Added Member To Class: ClassName=STM32_SCHEMATIC Member=Component Y1 24MHz
